<?xml version="1.0" encoding="UTF-8"?>
<!-- Generated by org.testng.reporters.JUnitReportReporter -->
<testsuite hostname="SHUSINGH-NB" failures="0" tests="3" name="testNgRunner.testNgRunner" time="14.931" errors="0" timestamp="2023-02-08T14:26:46 CET" skipped="0">
  <testcase classname="testNgRunner.testNgRunner" name="runScenario" time="5.160"/>
  <system-out/>
  <testcase classname="testNgRunner.testNgRunner" name="runScenario" time="5.483"/>
  <system-out/>
  <testcase classname="testNgRunner.testNgRunner" name="runScenario" time="4.288"/>
  <system-out/>
</testsuite> <!-- testNgRunner.testNgRunner -->
